Analysis & Synthesis report for hw_5
Tue Nov 27 21:18:58 2018
Quartus II 64-Bit Version 13.1.0 Build 162 10/23/2013 SJ Web Edition


---------------------
; Table of Contents ;
---------------------
  1. Legal Notice
  2. Analysis & Synthesis Summary
  3. Analysis & Synthesis Settings
  4. Parallel Compilation
  5. Analysis & Synthesis Source Files Read
  6. Analysis & Synthesis Resource Usage Summary
  7. Analysis & Synthesis Resource Utilization by Entity
  8. General Register Statistics
  9. Parameter Settings for Inferred Entity Instance: binary_to_bcd:binary_convert|lpm_divide:Div0
 10. Parameter Settings for Inferred Entity Instance: binary_to_bcd:binary_convert|lpm_divide:Mod0
 11. Parameter Settings for Inferred Entity Instance: binary_to_bcd:binary_convert|lpm_divide:Div1
 12. Parameter Settings for Inferred Entity Instance: binary_to_bcd:binary_convert|lpm_divide:Mod1
 13. Port Connectivity Checks: "comparator:comp9"
 14. Port Connectivity Checks: "comparator:comp8"
 15. Port Connectivity Checks: "comparator:comp7"
 16. Port Connectivity Checks: "comparator:comp6"
 17. Port Connectivity Checks: "comparator:comp5"
 18. Port Connectivity Checks: "comparator:comp4"
 19. Port Connectivity Checks: "comparator:comp3"
 20. Port Connectivity Checks: "comparator:comp2"
 21. Port Connectivity Checks: "comparator:comp1"
 22. Port Connectivity Checks: "comparator:comp0"
 23. Elapsed Time Per Partition
 24. Analysis & Synthesis Messages



----------------
; Legal Notice ;
----------------
Copyright (C) 1991-2013 Altera Corporation
Your use of Altera Corporation's design tools, logic functions 
and other software and tools, and its AMPP partner logic 
functions, and any output files from any of the foregoing 
(including device programming or simulation files), and any 
associated documentation or information are expressly subject 
to the terms and conditions of the Altera Program License 
Subscription Agreement, Altera MegaCore Function License 
Agreement, or other applicable license agreement, including, 
without limitation, that your use is for the sole purpose of 
programming logic devices manufactured by Altera and sold by 
Altera or its authorized distributors.  Please refer to the 
applicable agreement for further details.



+---------------------------------------------------------------------------------+
; Analysis & Synthesis Summary                                                    ;
+------------------------------------+--------------------------------------------+
; Analysis & Synthesis Status        ; Successful - Tue Nov 27 21:18:58 2018      ;
; Quartus II 64-Bit Version          ; 13.1.0 Build 162 10/23/2013 SJ Web Edition ;
; Revision Name                      ; hw_5                                       ;
; Top-level Entity Name              ; hw_5                                       ;
; Family                             ; Cyclone III                                ;
; Total logic elements               ; 231                                        ;
;     Total combinational functions  ; 231                                        ;
;     Dedicated logic registers      ; 0                                          ;
; Total registers                    ; 0                                          ;
; Total pins                         ; 41                                         ;
; Total virtual pins                 ; 0                                          ;
; Total memory bits                  ; 0                                          ;
; Embedded Multiplier 9-bit elements ; 0                                          ;
; Total PLLs                         ; 0                                          ;
+------------------------------------+--------------------------------------------+


+----------------------------------------------------------------------------------------------------------------------+
; Analysis & Synthesis Settings                                                                                        ;
+----------------------------------------------------------------------------+--------------------+--------------------+
; Option                                                                     ; Setting            ; Default Value      ;
+----------------------------------------------------------------------------+--------------------+--------------------+
; Device                                                                     ; EP3C16F484C6       ;                    ;
; Top-level entity name                                                      ; hw_5               ; hw_5               ;
; Family name                                                                ; Cyclone III        ; Cyclone IV GX      ;
; Use smart compilation                                                      ; Off                ; Off                ;
; Enable parallel Assembler and TimeQuest Timing Analyzer during compilation ; On                 ; On                 ;
; Enable compact report table                                                ; Off                ; Off                ;
; Restructure Multiplexers                                                   ; Auto               ; Auto               ;
; Create Debugging Nodes for IP Cores                                        ; Off                ; Off                ;
; Preserve fewer node names                                                  ; On                 ; On                 ;
; Disable OpenCore Plus hardware evaluation                                  ; Off                ; Off                ;
; Verilog Version                                                            ; Verilog_2001       ; Verilog_2001       ;
; VHDL Version                                                               ; VHDL_1993          ; VHDL_1993          ;
; State Machine Processing                                                   ; Auto               ; Auto               ;
; Safe State Machine                                                         ; Off                ; Off                ;
; Extract Verilog State Machines                                             ; On                 ; On                 ;
; Extract VHDL State Machines                                                ; On                 ; On                 ;
; Ignore Verilog initial constructs                                          ; Off                ; Off                ;
; Iteration limit for constant Verilog loops                                 ; 5000               ; 5000               ;
; Iteration limit for non-constant Verilog loops                             ; 250                ; 250                ;
; Add Pass-Through Logic to Inferred RAMs                                    ; On                 ; On                 ;
; Infer RAMs from Raw Logic                                                  ; On                 ; On                 ;
; Parallel Synthesis                                                         ; On                 ; On                 ;
; DSP Block Balancing                                                        ; Auto               ; Auto               ;
; NOT Gate Push-Back                                                         ; On                 ; On                 ;
; Power-Up Don't Care                                                        ; On                 ; On                 ;
; Remove Redundant Logic Cells                                               ; Off                ; Off                ;
; Remove Duplicate Registers                                                 ; On                 ; On                 ;
; Ignore CARRY Buffers                                                       ; Off                ; Off                ;
; Ignore CASCADE Buffers                                                     ; Off                ; Off                ;
; Ignore GLOBAL Buffers                                                      ; Off                ; Off                ;
; Ignore ROW GLOBAL Buffers                                                  ; Off                ; Off                ;
; Ignore LCELL Buffers                                                       ; Off                ; Off                ;
; Ignore SOFT Buffers                                                        ; On                 ; On                 ;
; Limit AHDL Integers to 32 Bits                                             ; Off                ; Off                ;
; Optimization Technique                                                     ; Balanced           ; Balanced           ;
; Carry Chain Length                                                         ; 70                 ; 70                 ;
; Auto Carry Chains                                                          ; On                 ; On                 ;
; Auto Open-Drain Pins                                                       ; On                 ; On                 ;
; Perform WYSIWYG Primitive Resynthesis                                      ; Off                ; Off                ;
; Auto ROM Replacement                                                       ; On                 ; On                 ;
; Auto RAM Replacement                                                       ; On                 ; On                 ;
; Auto DSP Block Replacement                                                 ; On                 ; On                 ;
; Auto Shift Register Replacement                                            ; Auto               ; Auto               ;
; Allow Shift Register Merging across Hierarchies                            ; Auto               ; Auto               ;
; Auto Clock Enable Replacement                                              ; On                 ; On                 ;
; Strict RAM Replacement                                                     ; Off                ; Off                ;
; Allow Synchronous Control Signals                                          ; On                 ; On                 ;
; Force Use of Synchronous Clear Signals                                     ; Off                ; Off                ;
; Auto RAM Block Balancing                                                   ; On                 ; On                 ;
; Auto RAM to Logic Cell Conversion                                          ; Off                ; Off                ;
; Auto Resource Sharing                                                      ; Off                ; Off                ;
; Allow Any RAM Size For Recognition                                         ; Off                ; Off                ;
; Allow Any ROM Size For Recognition                                         ; Off                ; Off                ;
; Allow Any Shift Register Size For Recognition                              ; Off                ; Off                ;
; Use LogicLock Constraints during Resource Balancing                        ; On                 ; On                 ;
; Ignore translate_off and synthesis_off directives                          ; Off                ; Off                ;
; Timing-Driven Synthesis                                                    ; On                 ; On                 ;
; Report Parameter Settings                                                  ; On                 ; On                 ;
; Report Source Assignments                                                  ; On                 ; On                 ;
; Report Connectivity Checks                                                 ; On                 ; On                 ;
; Ignore Maximum Fan-Out Assignments                                         ; Off                ; Off                ;
; Synchronization Register Chain Length                                      ; 2                  ; 2                  ;
; PowerPlay Power Optimization                                               ; Normal compilation ; Normal compilation ;
; HDL message level                                                          ; Level2             ; Level2             ;
; Suppress Register Optimization Related Messages                            ; Off                ; Off                ;
; Number of Removed Registers Reported in Synthesis Report                   ; 5000               ; 5000               ;
; Number of Swept Nodes Reported in Synthesis Report                         ; 5000               ; 5000               ;
; Number of Inverted Registers Reported in Synthesis Report                  ; 100                ; 100                ;
; Clock MUX Protection                                                       ; On                 ; On                 ;
; Auto Gated Clock Conversion                                                ; Off                ; Off                ;
; Block Design Naming                                                        ; Auto               ; Auto               ;
; SDC constraint protection                                                  ; Off                ; Off                ;
; Synthesis Effort                                                           ; Auto               ; Auto               ;
; Shift Register Replacement - Allow Asynchronous Clear Signal               ; On                 ; On                 ;
; Pre-Mapping Resynthesis Optimization                                       ; Off                ; Off                ;
; Analysis & Synthesis Message Level                                         ; Medium             ; Medium             ;
; Disable Register Merging Across Hierarchies                                ; Auto               ; Auto               ;
; Resource Aware Inference For Block RAM                                     ; On                 ; On                 ;
; Synthesis Seed                                                             ; 1                  ; 1                  ;
+----------------------------------------------------------------------------+--------------------+--------------------+


Parallel compilation was disabled, but you have multiple processors available. Enable parallel compilation to reduce compilation time.
+-------------------------------------+
; Parallel Compilation                ;
+----------------------------+--------+
; Processors                 ; Number ;
+----------------------------+--------+
; Number detected on machine ; 6      ;
; Maximum allowed            ; 1      ;
+----------------------------+--------+


+------------------------------------------------------------------------------------------------------------------------------------------------------------------+
; Analysis & Synthesis Source Files Read                                                                                                                           ;
+----------------------------------+-----------------+------------------------------+--------------------------------------------------------------------+---------+
; File Name with User-Entered Path ; Used in Netlist ; File Type                    ; File Name with Absolute Path                                       ; Library ;
+----------------------------------+-----------------+------------------------------+--------------------------------------------------------------------+---------+
; hw_5.v                           ; yes             ; User Verilog HDL File        ; C:/Users/Jeppe-PC/Quartus Projects/hw_5/hw_5.v                     ;         ;
; comparator.v                     ; yes             ; User Verilog HDL File        ; C:/Users/Jeppe-PC/Quartus Projects/hw_5/comparator.v               ;         ;
; four_to_one_multiplexer.v        ; yes             ; User Verilog HDL File        ; C:/Users/Jeppe-PC/Quartus Projects/hw_5/four_to_one_multiplexer.v  ;         ;
; sev_seg_decoder.v                ; yes             ; User Verilog HDL File        ; C:/Users/Jeppe-PC/Quartus Projects/hw_5/sev_seg_decoder.v          ;         ;
; convert_to_eq_mux.v              ; yes             ; User Verilog HDL File        ; C:/Users/Jeppe-PC/Quartus Projects/hw_5/convert_to_eq_mux.v        ;         ;
; convert_to_lt_mux.v              ; yes             ; User Verilog HDL File        ; C:/Users/Jeppe-PC/Quartus Projects/hw_5/convert_to_lt_mux.v        ;         ;
; sev_seg_decoder_4bit.v           ; yes             ; User Verilog HDL File        ; C:/Users/Jeppe-PC/Quartus Projects/hw_5/sev_seg_decoder_4bit.v     ;         ;
; binary_to_bcd.v                  ; yes             ; User Verilog HDL File        ; C:/Users/Jeppe-PC/Quartus Projects/hw_5/binary_to_bcd.v            ;         ;
; lpm_divide.tdf                   ; yes             ; Megafunction                 ; c:/altera/13.1/quartus/libraries/megafunctions/lpm_divide.tdf      ;         ;
; abs_divider.inc                  ; yes             ; Megafunction                 ; c:/altera/13.1/quartus/libraries/megafunctions/abs_divider.inc     ;         ;
; sign_div_unsign.inc              ; yes             ; Megafunction                 ; c:/altera/13.1/quartus/libraries/megafunctions/sign_div_unsign.inc ;         ;
; aglobal131.inc                   ; yes             ; Megafunction                 ; c:/altera/13.1/quartus/libraries/megafunctions/aglobal131.inc      ;         ;
; db/lpm_divide_dgm.tdf            ; yes             ; Auto-Generated Megafunction  ; C:/Users/Jeppe-PC/Quartus Projects/hw_5/db/lpm_divide_dgm.tdf      ;         ;
; db/sign_div_unsign_ekh.tdf       ; yes             ; Auto-Generated Megafunction  ; C:/Users/Jeppe-PC/Quartus Projects/hw_5/db/sign_div_unsign_ekh.tdf ;         ;
; db/alt_u_div_73f.tdf             ; yes             ; Auto-Generated Megafunction  ; C:/Users/Jeppe-PC/Quartus Projects/hw_5/db/alt_u_div_73f.tdf       ;         ;
; db/add_sub_unc.tdf               ; yes             ; Auto-Generated Megafunction  ; C:/Users/Jeppe-PC/Quartus Projects/hw_5/db/add_sub_unc.tdf         ;         ;
; db/add_sub_vnc.tdf               ; yes             ; Auto-Generated Megafunction  ; C:/Users/Jeppe-PC/Quartus Projects/hw_5/db/add_sub_vnc.tdf         ;         ;
; db/lpm_divide_g8m.tdf            ; yes             ; Auto-Generated Megafunction  ; C:/Users/Jeppe-PC/Quartus Projects/hw_5/db/lpm_divide_g8m.tdf      ;         ;
; db/lpm_divide_9gm.tdf            ; yes             ; Auto-Generated Megafunction  ; C:/Users/Jeppe-PC/Quartus Projects/hw_5/db/lpm_divide_9gm.tdf      ;         ;
; db/sign_div_unsign_akh.tdf       ; yes             ; Auto-Generated Megafunction  ; C:/Users/Jeppe-PC/Quartus Projects/hw_5/db/sign_div_unsign_akh.tdf ;         ;
; db/alt_u_div_v2f.tdf             ; yes             ; Auto-Generated Megafunction  ; C:/Users/Jeppe-PC/Quartus Projects/hw_5/db/alt_u_div_v2f.tdf       ;         ;
; db/lpm_divide_d8m.tdf            ; yes             ; Auto-Generated Megafunction  ; C:/Users/Jeppe-PC/Quartus Projects/hw_5/db/lpm_divide_d8m.tdf      ;         ;
+----------------------------------+-----------------+------------------------------+--------------------------------------------------------------------+---------+


+-------------------------------------------------------------------------------------------------------------------------------------------------------------------------------------------------------+
; Analysis & Synthesis Resource Usage Summary                                                                                                                                                           ;
+---------------------------------------------+---------------------------------------------------------------------------------------------------------------------------------------------------------+
; Resource                                    ; Usage                                                                                                                                                   ;
+---------------------------------------------+---------------------------------------------------------------------------------------------------------------------------------------------------------+
; Estimated Total logic elements              ; 231                                                                                                                                                     ;
;                                             ;                                                                                                                                                         ;
; Total combinational functions               ; 231                                                                                                                                                     ;
; Logic element usage by number of LUT inputs ;                                                                                                                                                         ;
;     -- 4 input functions                    ; 74                                                                                                                                                      ;
;     -- 3 input functions                    ; 53                                                                                                                                                      ;
;     -- <=2 input functions                  ; 104                                                                                                                                                     ;
;                                             ;                                                                                                                                                         ;
; Logic elements by mode                      ;                                                                                                                                                         ;
;     -- normal mode                          ; 179                                                                                                                                                     ;
;     -- arithmetic mode                      ; 52                                                                                                                                                      ;
;                                             ;                                                                                                                                                         ;
; Total registers                             ; 0                                                                                                                                                       ;
;     -- Dedicated logic registers            ; 0                                                                                                                                                       ;
;     -- I/O registers                        ; 0                                                                                                                                                       ;
;                                             ;                                                                                                                                                         ;
; I/O pins                                    ; 41                                                                                                                                                      ;
; Embedded Multiplier 9-bit elements          ; 0                                                                                                                                                       ;
; Maximum fan-out node                        ; binary_to_bcd:binary_convert|lpm_divide:Mod0|lpm_divide_g8m:auto_generated|sign_div_unsign_ekh:divider|alt_u_div_73f:divider|add_sub_7_result_int[8]~12 ;
; Maximum fan-out                             ; 26                                                                                                                                                      ;
; Total fan-out                               ; 707                                                                                                                                                     ;
; Average fan-out                             ; 2.26                                                                                                                                                    ;
+---------------------------------------------+---------------------------------------------------------------------------------------------------------------------------------------------------------+


+-------------------------------------------------------------------------------------------------------------------------------------------------------------------------------------------------------------------------------------------------------------------------------------------------------------+
; Analysis & Synthesis Resource Utilization by Entity                                                                                                                                                                                                                                                         ;
+---------------------------------------------+-------------------+--------------+-------------+--------------+---------+-----------+------+--------------+------------------------------------------------------------------------------------------------------------------------------------+--------------+
; Compilation Hierarchy Node                  ; LC Combinationals ; LC Registers ; Memory Bits ; DSP Elements ; DSP 9x9 ; DSP 18x18 ; Pins ; Virtual Pins ; Full Hierarchy Name                                                                                                                ; Library Name ;
+---------------------------------------------+-------------------+--------------+-------------+--------------+---------+-----------+------+--------------+------------------------------------------------------------------------------------------------------------------------------------+--------------+
; |hw_5                                       ; 231 (8)           ; 0 (0)        ; 0           ; 0            ; 0       ; 0         ; 41   ; 0            ; |hw_5                                                                                                                              ; work         ;
;    |binary_to_bcd:binary_convert|           ; 160 (0)           ; 0 (0)        ; 0           ; 0            ; 0       ; 0         ; 0    ; 0            ; |hw_5|binary_to_bcd:binary_convert                                                                                                 ; work         ;
;       |lpm_divide:Div0|                     ; 25 (0)            ; 0 (0)        ; 0           ; 0            ; 0       ; 0         ; 0    ; 0            ; |hw_5|binary_to_bcd:binary_convert|lpm_divide:Div0                                                                                 ; work         ;
;          |lpm_divide_dgm:auto_generated|    ; 25 (0)            ; 0 (0)        ; 0           ; 0            ; 0       ; 0         ; 0    ; 0            ; |hw_5|binary_to_bcd:binary_convert|lpm_divide:Div0|lpm_divide_dgm:auto_generated                                                   ; work         ;
;             |sign_div_unsign_ekh:divider|   ; 25 (0)            ; 0 (0)        ; 0           ; 0            ; 0       ; 0         ; 0    ; 0            ; |hw_5|binary_to_bcd:binary_convert|lpm_divide:Div0|lpm_divide_dgm:auto_generated|sign_div_unsign_ekh:divider                       ; work         ;
;                |alt_u_div_73f:divider|      ; 25 (25)           ; 0 (0)        ; 0           ; 0            ; 0       ; 0         ; 0    ; 0            ; |hw_5|binary_to_bcd:binary_convert|lpm_divide:Div0|lpm_divide_dgm:auto_generated|sign_div_unsign_ekh:divider|alt_u_div_73f:divider ; work         ;
;       |lpm_divide:Div1|                     ; 46 (0)            ; 0 (0)        ; 0           ; 0            ; 0       ; 0         ; 0    ; 0            ; |hw_5|binary_to_bcd:binary_convert|lpm_divide:Div1                                                                                 ; work         ;
;          |lpm_divide_9gm:auto_generated|    ; 46 (0)            ; 0 (0)        ; 0           ; 0            ; 0       ; 0         ; 0    ; 0            ; |hw_5|binary_to_bcd:binary_convert|lpm_divide:Div1|lpm_divide_9gm:auto_generated                                                   ; work         ;
;             |sign_div_unsign_akh:divider|   ; 46 (0)            ; 0 (0)        ; 0           ; 0            ; 0       ; 0         ; 0    ; 0            ; |hw_5|binary_to_bcd:binary_convert|lpm_divide:Div1|lpm_divide_9gm:auto_generated|sign_div_unsign_akh:divider                       ; work         ;
;                |alt_u_div_v2f:divider|      ; 46 (46)           ; 0 (0)        ; 0           ; 0            ; 0       ; 0         ; 0    ; 0            ; |hw_5|binary_to_bcd:binary_convert|lpm_divide:Div1|lpm_divide_9gm:auto_generated|sign_div_unsign_akh:divider|alt_u_div_v2f:divider ; work         ;
;       |lpm_divide:Mod0|                     ; 42 (0)            ; 0 (0)        ; 0           ; 0            ; 0       ; 0         ; 0    ; 0            ; |hw_5|binary_to_bcd:binary_convert|lpm_divide:Mod0                                                                                 ; work         ;
;          |lpm_divide_g8m:auto_generated|    ; 42 (0)            ; 0 (0)        ; 0           ; 0            ; 0       ; 0         ; 0    ; 0            ; |hw_5|binary_to_bcd:binary_convert|lpm_divide:Mod0|lpm_divide_g8m:auto_generated                                                   ; work         ;
;             |sign_div_unsign_ekh:divider|   ; 42 (0)            ; 0 (0)        ; 0           ; 0            ; 0       ; 0         ; 0    ; 0            ; |hw_5|binary_to_bcd:binary_convert|lpm_divide:Mod0|lpm_divide_g8m:auto_generated|sign_div_unsign_ekh:divider                       ; work         ;
;                |alt_u_div_73f:divider|      ; 42 (42)           ; 0 (0)        ; 0           ; 0            ; 0       ; 0         ; 0    ; 0            ; |hw_5|binary_to_bcd:binary_convert|lpm_divide:Mod0|lpm_divide_g8m:auto_generated|sign_div_unsign_ekh:divider|alt_u_div_73f:divider ; work         ;
;       |lpm_divide:Mod1|                     ; 47 (0)            ; 0 (0)        ; 0           ; 0            ; 0       ; 0         ; 0    ; 0            ; |hw_5|binary_to_bcd:binary_convert|lpm_divide:Mod1                                                                                 ; work         ;
;          |lpm_divide_d8m:auto_generated|    ; 47 (0)            ; 0 (0)        ; 0           ; 0            ; 0       ; 0         ; 0    ; 0            ; |hw_5|binary_to_bcd:binary_convert|lpm_divide:Mod1|lpm_divide_d8m:auto_generated                                                   ; work         ;
;             |sign_div_unsign_akh:divider|   ; 47 (0)            ; 0 (0)        ; 0           ; 0            ; 0       ; 0         ; 0    ; 0            ; |hw_5|binary_to_bcd:binary_convert|lpm_divide:Mod1|lpm_divide_d8m:auto_generated|sign_div_unsign_akh:divider                       ; work         ;
;                |alt_u_div_v2f:divider|      ; 47 (47)           ; 0 (0)        ; 0           ; 0            ; 0       ; 0         ; 0    ; 0            ; |hw_5|binary_to_bcd:binary_convert|lpm_divide:Mod1|lpm_divide_d8m:auto_generated|sign_div_unsign_akh:divider|alt_u_div_v2f:divider ; work         ;
;    |comparator:comp0|                       ; 2 (2)             ; 0 (0)        ; 0           ; 0            ; 0       ; 0         ; 0    ; 0            ; |hw_5|comparator:comp0                                                                                                             ; work         ;
;    |comparator:comp1|                       ; 2 (2)             ; 0 (0)        ; 0           ; 0            ; 0       ; 0         ; 0    ; 0            ; |hw_5|comparator:comp1                                                                                                             ; work         ;
;    |comparator:comp2|                       ; 3 (3)             ; 0 (0)        ; 0           ; 0            ; 0       ; 0         ; 0    ; 0            ; |hw_5|comparator:comp2                                                                                                             ; work         ;
;    |comparator:comp3|                       ; 1 (1)             ; 0 (0)        ; 0           ; 0            ; 0       ; 0         ; 0    ; 0            ; |hw_5|comparator:comp3                                                                                                             ; work         ;
;    |comparator:comp4|                       ; 2 (2)             ; 0 (0)        ; 0           ; 0            ; 0       ; 0         ; 0    ; 0            ; |hw_5|comparator:comp4                                                                                                             ; work         ;
;    |comparator:comp5|                       ; 3 (2)             ; 0 (0)        ; 0           ; 0            ; 0       ; 0         ; 0    ; 0            ; |hw_5|comparator:comp5                                                                                                             ; work         ;
;       |convert_to_lt_mux:clt_1|             ; 1 (1)             ; 0 (0)        ; 0           ; 0            ; 0       ; 0         ; 0    ; 0            ; |hw_5|comparator:comp5|convert_to_lt_mux:clt_1                                                                                     ; work         ;
;    |comparator:comp6|                       ; 3 (3)             ; 0 (0)        ; 0           ; 0            ; 0       ; 0         ; 0    ; 0            ; |hw_5|comparator:comp6                                                                                                             ; work         ;
;    |comparator:comp7|                       ; 1 (1)             ; 0 (0)        ; 0           ; 0            ; 0       ; 0         ; 0    ; 0            ; |hw_5|comparator:comp7                                                                                                             ; work         ;
;    |comparator:comp8|                       ; 3 (3)             ; 0 (0)        ; 0           ; 0            ; 0       ; 0         ; 0    ; 0            ; |hw_5|comparator:comp8                                                                                                             ; work         ;
;    |sev_seg_decoder:sev_seg|                ; 18 (18)           ; 0 (0)        ; 0           ; 0            ; 0       ; 0         ; 0    ; 0            ; |hw_5|sev_seg_decoder:sev_seg                                                                                                      ; work         ;
;    |sev_seg_decoder_4bit:sev_seg_disp_huns| ; 4 (4)             ; 0 (0)        ; 0           ; 0            ; 0       ; 0         ; 0    ; 0            ; |hw_5|sev_seg_decoder_4bit:sev_seg_disp_huns                                                                                       ; work         ;
;    |sev_seg_decoder_4bit:sev_seg_disp_ones| ; 7 (7)             ; 0 (0)        ; 0           ; 0            ; 0       ; 0         ; 0    ; 0            ; |hw_5|sev_seg_decoder_4bit:sev_seg_disp_ones                                                                                       ; work         ;
;    |sev_seg_decoder_4bit:sev_seg_disp_tens| ; 14 (14)           ; 0 (0)        ; 0           ; 0            ; 0       ; 0         ; 0    ; 0            ; |hw_5|sev_seg_decoder_4bit:sev_seg_disp_tens                                                                                       ; work         ;
+---------------------------------------------+-------------------+--------------+-------------+--------------+---------+-----------+------+--------------+------------------------------------------------------------------------------------------------------------------------------------+--------------+
Note: For table entries with two numbers listed, the numbers in parentheses indicate the number of resources of the given type used by the specific entity alone. The numbers listed outside of parentheses indicate the total resources of the given type used by the specific entity and all of its sub-entities in the hierarchy.


+------------------------------------------------------+
; General Register Statistics                          ;
+----------------------------------------------+-------+
; Statistic                                    ; Value ;
+----------------------------------------------+-------+
; Total registers                              ; 0     ;
; Number of registers using Synchronous Clear  ; 0     ;
; Number of registers using Synchronous Load   ; 0     ;
; Number of registers using Asynchronous Clear ; 0     ;
; Number of registers using Asynchronous Load  ; 0     ;
; Number of registers using Clock Enable       ; 0     ;
; Number of registers using Preset             ; 0     ;
+----------------------------------------------+-------+


+-----------------------------------------------------------------------------------------------+
; Parameter Settings for Inferred Entity Instance: binary_to_bcd:binary_convert|lpm_divide:Div0 ;
+------------------------+----------------+-----------------------------------------------------+
; Parameter Name         ; Value          ; Type                                                ;
+------------------------+----------------+-----------------------------------------------------+
; LPM_WIDTHN             ; 8              ; Untyped                                             ;
; LPM_WIDTHD             ; 7              ; Untyped                                             ;
; LPM_NREPRESENTATION    ; UNSIGNED       ; Untyped                                             ;
; LPM_DREPRESENTATION    ; UNSIGNED       ; Untyped                                             ;
; LPM_PIPELINE           ; 0              ; Untyped                                             ;
; LPM_REMAINDERPOSITIVE  ; TRUE           ; Untyped                                             ;
; MAXIMIZE_SPEED         ; 5              ; Untyped                                             ;
; CBXI_PARAMETER         ; lpm_divide_dgm ; Untyped                                             ;
; CARRY_CHAIN            ; MANUAL         ; Untyped                                             ;
; OPTIMIZE_FOR_SPEED     ; 5              ; Untyped                                             ;
; AUTO_CARRY_CHAINS      ; ON             ; AUTO_CARRY                                          ;
; IGNORE_CARRY_BUFFERS   ; OFF            ; IGNORE_CARRY                                        ;
; AUTO_CASCADE_CHAINS    ; ON             ; AUTO_CASCADE                                        ;
; IGNORE_CASCADE_BUFFERS ; OFF            ; IGNORE_CASCADE                                      ;
+------------------------+----------------+-----------------------------------------------------+
Note: In order to hide this table in the UI and the text report file, please set the "Show Parameter Settings in Synthesis Report" option in "Analysis and Synthesis Settings -> More Settings" to "Off".


+-----------------------------------------------------------------------------------------------+
; Parameter Settings for Inferred Entity Instance: binary_to_bcd:binary_convert|lpm_divide:Mod0 ;
+------------------------+----------------+-----------------------------------------------------+
; Parameter Name         ; Value          ; Type                                                ;
+------------------------+----------------+-----------------------------------------------------+
; LPM_WIDTHN             ; 8              ; Untyped                                             ;
; LPM_WIDTHD             ; 7              ; Untyped                                             ;
; LPM_NREPRESENTATION    ; UNSIGNED       ; Untyped                                             ;
; LPM_DREPRESENTATION    ; UNSIGNED       ; Untyped                                             ;
; LPM_PIPELINE           ; 0              ; Untyped                                             ;
; LPM_REMAINDERPOSITIVE  ; TRUE           ; Untyped                                             ;
; MAXIMIZE_SPEED         ; 5              ; Untyped                                             ;
; CBXI_PARAMETER         ; lpm_divide_g8m ; Untyped                                             ;
; CARRY_CHAIN            ; MANUAL         ; Untyped                                             ;
; OPTIMIZE_FOR_SPEED     ; 5              ; Untyped                                             ;
; AUTO_CARRY_CHAINS      ; ON             ; AUTO_CARRY                                          ;
; IGNORE_CARRY_BUFFERS   ; OFF            ; IGNORE_CARRY                                        ;
; AUTO_CASCADE_CHAINS    ; ON             ; AUTO_CASCADE                                        ;
; IGNORE_CASCADE_BUFFERS ; OFF            ; IGNORE_CASCADE                                      ;
+------------------------+----------------+-----------------------------------------------------+
Note: In order to hide this table in the UI and the text report file, please set the "Show Parameter Settings in Synthesis Report" option in "Analysis and Synthesis Settings -> More Settings" to "Off".


+-----------------------------------------------------------------------------------------------+
; Parameter Settings for Inferred Entity Instance: binary_to_bcd:binary_convert|lpm_divide:Div1 ;
+------------------------+----------------+-----------------------------------------------------+
; Parameter Name         ; Value          ; Type                                                ;
+------------------------+----------------+-----------------------------------------------------+
; LPM_WIDTHN             ; 7              ; Untyped                                             ;
; LPM_WIDTHD             ; 4              ; Untyped                                             ;
; LPM_NREPRESENTATION    ; UNSIGNED       ; Untyped                                             ;
; LPM_DREPRESENTATION    ; UNSIGNED       ; Untyped                                             ;
; LPM_PIPELINE           ; 0              ; Untyped                                             ;
; LPM_REMAINDERPOSITIVE  ; TRUE           ; Untyped                                             ;
; MAXIMIZE_SPEED         ; 5              ; Untyped                                             ;
; CBXI_PARAMETER         ; lpm_divide_9gm ; Untyped                                             ;
; CARRY_CHAIN            ; MANUAL         ; Untyped                                             ;
; OPTIMIZE_FOR_SPEED     ; 5              ; Untyped                                             ;
; AUTO_CARRY_CHAINS      ; ON             ; AUTO_CARRY                                          ;
; IGNORE_CARRY_BUFFERS   ; OFF            ; IGNORE_CARRY                                        ;
; AUTO_CASCADE_CHAINS    ; ON             ; AUTO_CASCADE                                        ;
; IGNORE_CASCADE_BUFFERS ; OFF            ; IGNORE_CASCADE                                      ;
+------------------------+----------------+-----------------------------------------------------+
Note: In order to hide this table in the UI and the text report file, please set the "Show Parameter Settings in Synthesis Report" option in "Analysis and Synthesis Settings -> More Settings" to "Off".


+-----------------------------------------------------------------------------------------------+
; Parameter Settings for Inferred Entity Instance: binary_to_bcd:binary_convert|lpm_divide:Mod1 ;
+------------------------+----------------+-----------------------------------------------------+
; Parameter Name         ; Value          ; Type                                                ;
+------------------------+----------------+-----------------------------------------------------+
; LPM_WIDTHN             ; 7              ; Untyped                                             ;
; LPM_WIDTHD             ; 4              ; Untyped                                             ;
; LPM_NREPRESENTATION    ; UNSIGNED       ; Untyped                                             ;
; LPM_DREPRESENTATION    ; UNSIGNED       ; Untyped                                             ;
; LPM_PIPELINE           ; 0              ; Untyped                                             ;
; LPM_REMAINDERPOSITIVE  ; TRUE           ; Untyped                                             ;
; MAXIMIZE_SPEED         ; 5              ; Untyped                                             ;
; CBXI_PARAMETER         ; lpm_divide_d8m ; Untyped                                             ;
; CARRY_CHAIN            ; MANUAL         ; Untyped                                             ;
; OPTIMIZE_FOR_SPEED     ; 5              ; Untyped                                             ;
; AUTO_CARRY_CHAINS      ; ON             ; AUTO_CARRY                                          ;
; IGNORE_CARRY_BUFFERS   ; OFF            ; IGNORE_CARRY                                        ;
; AUTO_CASCADE_CHAINS    ; ON             ; AUTO_CASCADE                                        ;
; IGNORE_CASCADE_BUFFERS ; OFF            ; IGNORE_CASCADE                                      ;
+------------------------+----------------+-----------------------------------------------------+
Note: In order to hide this table in the UI and the text report file, please set the "Show Parameter Settings in Synthesis Report" option in "Analysis and Synthesis Settings -> More Settings" to "Off".


+----------------------------------------------+
; Port Connectivity Checks: "comparator:comp9" ;
+-----------+-------+----------+---------------+
; Port      ; Type  ; Severity ; Details       ;
+-----------+-------+----------+---------------+
; comp_with ; Input ; Info     ; Stuck at VCC  ;
+-----------+-------+----------+---------------+


+---------------------------------------------------+
; Port Connectivity Checks: "comparator:comp8"      ;
+-----------------+-------+----------+--------------+
; Port            ; Type  ; Severity ; Details      ;
+-----------------+-------+----------+--------------+
; comp_with[7..5] ; Input ; Info     ; Stuck at VCC ;
; comp_with[4..0] ; Input ; Info     ; Stuck at GND ;
+-----------------+-------+----------+--------------+


+---------------------------------------------------+
; Port Connectivity Checks: "comparator:comp7"      ;
+-----------------+-------+----------+--------------+
; Port            ; Type  ; Severity ; Details      ;
+-----------------+-------+----------+--------------+
; comp_with[7..6] ; Input ; Info     ; Stuck at VCC ;
; comp_with[2..0] ; Input ; Info     ; Stuck at VCC ;
; comp_with[5..3] ; Input ; Info     ; Stuck at GND ;
+-----------------+-------+----------+--------------+


+---------------------------------------------------+
; Port Connectivity Checks: "comparator:comp6"      ;
+-----------------+-------+----------+--------------+
; Port            ; Type  ; Severity ; Details      ;
+-----------------+-------+----------+--------------+
; comp_with[3..1] ; Input ; Info     ; Stuck at VCC ;
; comp_with[7]    ; Input ; Info     ; Stuck at VCC ;
; comp_with[6]    ; Input ; Info     ; Stuck at GND ;
; comp_with[5]    ; Input ; Info     ; Stuck at VCC ;
; comp_with[4]    ; Input ; Info     ; Stuck at GND ;
; comp_with[0]    ; Input ; Info     ; Stuck at GND ;
+-----------------+-------+----------+--------------+


+---------------------------------------------------+
; Port Connectivity Checks: "comparator:comp5"      ;
+-----------------+-------+----------+--------------+
; Port            ; Type  ; Severity ; Details      ;
+-----------------+-------+----------+--------------+
; comp_with[6..5] ; Input ; Info     ; Stuck at GND ;
; comp_with[7]    ; Input ; Info     ; Stuck at VCC ;
; comp_with[4]    ; Input ; Info     ; Stuck at VCC ;
; comp_with[3]    ; Input ; Info     ; Stuck at GND ;
; comp_with[2]    ; Input ; Info     ; Stuck at VCC ;
; comp_with[1]    ; Input ; Info     ; Stuck at GND ;
; comp_with[0]    ; Input ; Info     ; Stuck at VCC ;
+-----------------+-------+----------+--------------+


+---------------------------------------------------+
; Port Connectivity Checks: "comparator:comp4"      ;
+-----------------+-------+----------+--------------+
; Port            ; Type  ; Severity ; Details      ;
+-----------------+-------+----------+--------------+
; comp_with[6..2] ; Input ; Info     ; Stuck at VCC ;
; comp_with[1..0] ; Input ; Info     ; Stuck at GND ;
; comp_with[7]    ; Input ; Info     ; Stuck at GND ;
+-----------------+-------+----------+--------------+


+---------------------------------------------------+
; Port Connectivity Checks: "comparator:comp3"      ;
+-----------------+-------+----------+--------------+
; Port            ; Type  ; Severity ; Details      ;
+-----------------+-------+----------+--------------+
; comp_with[6..5] ; Input ; Info     ; Stuck at VCC ;
; comp_with[1..0] ; Input ; Info     ; Stuck at VCC ;
; comp_with[4..2] ; Input ; Info     ; Stuck at GND ;
; comp_with[7]    ; Input ; Info     ; Stuck at GND ;
+-----------------+-------+----------+--------------+


+---------------------------------------------------+
; Port Connectivity Checks: "comparator:comp2"      ;
+-----------------+-------+----------+--------------+
; Port            ; Type  ; Severity ; Details      ;
+-----------------+-------+----------+--------------+
; comp_with[5..4] ; Input ; Info     ; Stuck at GND ;
; comp_with[7]    ; Input ; Info     ; Stuck at GND ;
; comp_with[6]    ; Input ; Info     ; Stuck at VCC ;
; comp_with[3]    ; Input ; Info     ; Stuck at VCC ;
; comp_with[2]    ; Input ; Info     ; Stuck at GND ;
; comp_with[1]    ; Input ; Info     ; Stuck at VCC ;
; comp_with[0]    ; Input ; Info     ; Stuck at GND ;
+-----------------+-------+----------+--------------+


+---------------------------------------------------+
; Port Connectivity Checks: "comparator:comp1"      ;
+-----------------+-------+----------+--------------+
; Port            ; Type  ; Severity ; Details      ;
+-----------------+-------+----------+--------------+
; comp_with[5..4] ; Input ; Info     ; Stuck at VCC ;
; comp_with[7..6] ; Input ; Info     ; Stuck at GND ;
; comp_with[3..1] ; Input ; Info     ; Stuck at GND ;
; comp_with[0]    ; Input ; Info     ; Stuck at VCC ;
+-----------------+-------+----------+--------------+


+---------------------------------------------------+
; Port Connectivity Checks: "comparator:comp0"      ;
+-----------------+-------+----------+--------------+
; Port            ; Type  ; Severity ; Details      ;
+-----------------+-------+----------+--------------+
; comp_with[4..3] ; Input ; Info     ; Stuck at VCC ;
; comp_with[7..5] ; Input ; Info     ; Stuck at GND ;
; comp_with[2..0] ; Input ; Info     ; Stuck at GND ;
+-----------------+-------+----------+--------------+


+-------------------------------+
; Elapsed Time Per Partition    ;
+----------------+--------------+
; Partition Name ; Elapsed Time ;
+----------------+--------------+
; Top            ; 00:00:01     ;
+----------------+--------------+


+-------------------------------+
; Analysis & Synthesis Messages ;
+-------------------------------+
Info: *******************************************************************
Info: Running Quartus II 64-Bit Analysis & Synthesis
    Info: Version 13.1.0 Build 162 10/23/2013 SJ Web Edition
    Info: Processing started: Tue Nov 27 21:18:55 2018
Info: Command: quartus_map --read_settings_files=on --write_settings_files=off hw_5 -c hw_5
Warning (20028): Parallel compilation is not licensed and has been disabled
Info (12021): Found 1 design units, including 1 entities, in source file hw_5.v
    Info (12023): Found entity 1: hw_5
Info (12021): Found 1 design units, including 1 entities, in source file comparator.v
    Info (12023): Found entity 1: comparator
Info (12021): Found 1 design units, including 1 entities, in source file four_to_one_multiplexer.v
    Info (12023): Found entity 1: four_to_one_multiplexer
Info (12021): Found 1 design units, including 1 entities, in source file sev_seg_decoder.v
    Info (12023): Found entity 1: sev_seg_decoder
Info (12021): Found 1 design units, including 1 entities, in source file convert_to_eq_mux.v
    Info (12023): Found entity 1: convert_to_eq_mux
Info (12021): Found 1 design units, including 1 entities, in source file convert_to_lt_mux.v
    Info (12023): Found entity 1: convert_to_lt_mux
Info (12021): Found 1 design units, including 1 entities, in source file sev_seg_decoder_4bit.v
    Info (12023): Found entity 1: sev_seg_decoder_4bit
Info (12021): Found 1 design units, including 1 entities, in source file binary_to_bcd.v
    Info (12023): Found entity 1: binary_to_bcd
Info (12127): Elaborating entity "hw_5" for the top level hierarchy
Info (12128): Elaborating entity "comparator" for hierarchy "comparator:comp0"
Info (12128): Elaborating entity "convert_to_lt_mux" for hierarchy "comparator:comp0|convert_to_lt_mux:clt_0"
Info (12128): Elaborating entity "four_to_one_multiplexer" for hierarchy "comparator:comp0|four_to_one_multiplexer:mux_l0"
Info (12128): Elaborating entity "convert_to_eq_mux" for hierarchy "comparator:comp0|convert_to_eq_mux:ceq_0"
Info (12128): Elaborating entity "sev_seg_decoder" for hierarchy "sev_seg_decoder:sev_seg"
Info (12128): Elaborating entity "binary_to_bcd" for hierarchy "binary_to_bcd:binary_convert"
Warning (10230): Verilog HDL assignment warning at binary_to_bcd.v(15): truncated value with size 32 to match size of target (4)
Warning (10230): Verilog HDL assignment warning at binary_to_bcd.v(16): truncated value with size 32 to match size of target (8)
Warning (10230): Verilog HDL assignment warning at binary_to_bcd.v(17): truncated value with size 32 to match size of target (4)
Warning (10230): Verilog HDL assignment warning at binary_to_bcd.v(18): truncated value with size 32 to match size of target (4)
Info (12128): Elaborating entity "sev_seg_decoder_4bit" for hierarchy "sev_seg_decoder_4bit:sev_seg_disp_huns"
Info (278001): Inferred 4 megafunctions from design logic
    Info (278004): Inferred divider/modulo megafunction ("lpm_divide") from the following logic: "binary_to_bcd:binary_convert|Div0"
    Info (278004): Inferred divider/modulo megafunction ("lpm_divide") from the following logic: "binary_to_bcd:binary_convert|Mod0"
    Info (278004): Inferred divider/modulo megafunction ("lpm_divide") from the following logic: "binary_to_bcd:binary_convert|Div1"
    Info (278004): Inferred divider/modulo megafunction ("lpm_divide") from the following logic: "binary_to_bcd:binary_convert|Mod1"
Info (12130): Elaborated megafunction instantiation "binary_to_bcd:binary_convert|lpm_divide:Div0"
Info (12133): Instantiated megafunction "binary_to_bcd:binary_convert|lpm_divide:Div0" with the following parameter:
    Info (12134): Parameter "LPM_WIDTHN" = "8"
    Info (12134): Parameter "LPM_WIDTHD" = "7"
    Info (12134): Parameter "LPM_NREPRESENTATION" = "UNSIGNED"
    Info (12134): Parameter "LPM_DREPRESENTATION" = "UNSIGNED"
Info (12021): Found 1 design units, including 1 entities, in source file db/lpm_divide_dgm.tdf
    Info (12023): Found entity 1: lpm_divide_dgm
Info (12021): Found 1 design units, including 1 entities, in source file db/sign_div_unsign_ekh.tdf
    Info (12023): Found entity 1: sign_div_unsign_ekh
Info (12021): Found 1 design units, including 1 entities, in source file db/alt_u_div_73f.tdf
    Info (12023): Found entity 1: alt_u_div_73f
Info (12021): Found 1 design units, including 1 entities, in source file db/add_sub_unc.tdf
    Info (12023): Found entity 1: add_sub_unc
Info (12021): Found 1 design units, including 1 entities, in source file db/add_sub_vnc.tdf
    Info (12023): Found entity 1: add_sub_vnc
Info (12130): Elaborated megafunction instantiation "binary_to_bcd:binary_convert|lpm_divide:Mod0"
Info (12133): Instantiated megafunction "binary_to_bcd:binary_convert|lpm_divide:Mod0" with the following parameter:
    Info (12134): Parameter "LPM_WIDTHN" = "8"
    Info (12134): Parameter "LPM_WIDTHD" = "7"
    Info (12134): Parameter "LPM_NREPRESENTATION" = "UNSIGNED"
    Info (12134): Parameter "LPM_DREPRESENTATION" = "UNSIGNED"
Info (12021): Found 1 design units, including 1 entities, in source file db/lpm_divide_g8m.tdf
    Info (12023): Found entity 1: lpm_divide_g8m
Info (12130): Elaborated megafunction instantiation "binary_to_bcd:binary_convert|lpm_divide:Div1"
Info (12133): Instantiated megafunction "binary_to_bcd:binary_convert|lpm_divide:Div1" with the following parameter:
    Info (12134): Parameter "LPM_WIDTHN" = "7"
    Info (12134): Parameter "LPM_WIDTHD" = "4"
    Info (12134): Parameter "LPM_NREPRESENTATION" = "UNSIGNED"
    Info (12134): Parameter "LPM_DREPRESENTATION" = "UNSIGNED"
Info (12021): Found 1 design units, including 1 entities, in source file db/lpm_divide_9gm.tdf
    Info (12023): Found entity 1: lpm_divide_9gm
Info (12021): Found 1 design units, including 1 entities, in source file db/sign_div_unsign_akh.tdf
    Info (12023): Found entity 1: sign_div_unsign_akh
Info (12021): Found 1 design units, including 1 entities, in source file db/alt_u_div_v2f.tdf
    Info (12023): Found entity 1: alt_u_div_v2f
Info (12130): Elaborated megafunction instantiation "binary_to_bcd:binary_convert|lpm_divide:Mod1"
Info (12133): Instantiated megafunction "binary_to_bcd:binary_convert|lpm_divide:Mod1" with the following parameter:
    Info (12134): Parameter "LPM_WIDTHN" = "7"
    Info (12134): Parameter "LPM_WIDTHD" = "4"
    Info (12134): Parameter "LPM_NREPRESENTATION" = "UNSIGNED"
    Info (12134): Parameter "LPM_DREPRESENTATION" = "UNSIGNED"
Info (12021): Found 1 design units, including 1 entities, in source file db/lpm_divide_d8m.tdf
    Info (12023): Found entity 1: lpm_divide_d8m
Warning (13024): Output pins are stuck at VCC or GND
    Warning (13410): Pin "sev_seg_out[7]" is stuck at GND
    Warning (13410): Pin "sev_seg_huns[1]" is stuck at GND
    Warning (13410): Pin "sev_seg_huns[7]" is stuck at VCC
    Warning (13410): Pin "sev_seg_tens[7]" is stuck at VCC
    Warning (13410): Pin "sev_seg_ones[7]" is stuck at VCC
Info (286030): Timing-Driven Synthesis is running
Info (16010): Generating hard_block partition "hard_block:auto_generated_inst"
    Info (16011): Adding 0 node(s), including 0 DDIO, 0 PLL, 0 transceiver and 0 LCELL
Info (21057): Implemented 272 device resources after synthesis - the final resource count might be different
    Info (21058): Implemented 9 input pins
    Info (21059): Implemented 32 output pins
    Info (21061): Implemented 231 logic cells
Info: Quartus II 64-Bit Analysis & Synthesis was successful. 0 errors, 11 warnings
    Info: Peak virtual memory: 4661 megabytes
    Info: Processing ended: Tue Nov 27 21:18:58 2018
    Info: Elapsed time: 00:00:03
    Info: Total CPU time (on all processors): 00:00:03


